\BOOKMARK [0][-]{chapter.1}{\376\377\000G\000I\036\332\000I\000\040\000T\000H\000I\036\306\000U\000\040\000C\000H\000U\000N\000G}{}% 1
\BOOKMARK [1][-]{section.1.1}{\376\377\000L\000\375\000\040\000d\000o\000\040\000c\000h\036\315\000n\000\040\001\021\036\301\000\040\000t\000\340\000i}{chapter.1}% 2
\BOOKMARK [1][-]{section.1.2}{\376\377\000M\036\345\000c\000\040\000t\000i\000\352\000u\000\040\000c\036\347\000a\000\040\001\021\036\301\000\040\000t\000\340\000i}{chapter.1}% 3
\BOOKMARK [1][-]{section.1.3}{\376\377\000C\000h\000\342\000n\000\040\000d\000u\000n\000g\000\040\000n\000g\001\260\036\335\000i\000\040\000d\000\371\000n\000g\000\040\000v\000\340\000\040\000t\000\355\000n\000h\000\040\000n\001\003\000n\000g\000\040\000l\000\365\000i}{chapter.1}% 4
\BOOKMARK [0][-]{chapter.2}{\376\377\000C\001\240\000\040\000S\036\336\000\040\000L\000\335\000\040\000T\000H\000U\000Y\036\276\000T\000\040\000V\000\300\000\040\000C\000\324\000N\000G\000\040\000N\000G\000H\036\306\000\040\000S\036\354\000\040\000D\036\344\000N\000G}{}% 5
\BOOKMARK [1][-]{section.2.1}{\376\377\000N\000e\000x\000t\000.\000j\000s\000\040\0001\0006\000+\000\040\000\050\000A\000p\000p\000\040\000R\000o\000u\000t\000e\000r\000\051}{chapter.2}% 6
\BOOKMARK [1][-]{section.2.2}{\376\377\000N\000g\000\364\000n\000\040\000n\000g\036\357\000\040\000T\000y\000p\000e\000S\000c\000r\000i\000p\000t}{chapter.2}% 7
\BOOKMARK [1][-]{section.2.3}{\376\377\000P\000r\000i\000s\000m\000a\000\040\000O\000R\000M\000\040\000v\000\340\000\040\000M\000y\000S\000Q\000L}{chapter.2}% 8
\BOOKMARK [1][-]{section.2.4}{\376\377\000T\000a\000i\000l\000w\000i\000n\000d\000\040\000C\000S\000S}{chapter.2}% 9
\BOOKMARK [1][-]{section.2.5}{\376\377\000C\036\325\000n\000g\000\040\000t\000h\000a\000n\000h\000\040\000t\000o\000\341\000n\000\040\000V\000N\000P\000a\000y\000\040\000\050\000S\000a\000n\000d\000b\000o\000x\000\051}{chapter.2}% 10
\BOOKMARK [0][-]{chapter.3}{\376\377\000P\000H\000\302\000N\000\040\000T\000\315\000C\000H\000\040\000Y\000\312\000U\000\040\000C\036\246\000U\000\040\000V\000\300\000\040\000G\000I\036\242\000I\000\040\000P\000H\000\301\000P\000\040\001\020\036\300\000\040\000X\000U\036\244\000T}{}% 11
\BOOKMARK [1][-]{section.3.1}{\376\377\000C\001\241\000\040\000c\000h\036\277\000\040\000t\000h\000a\000n\000h\000\040\000t\000o\000\341\000n\000\040\000t\000r\000u\000n\000g\000\040\000g\000i\000a\000n\000\040\000\050\000E\000s\000c\000r\000o\000w\000\051}{chapter.3}% 12
\BOOKMARK [1][-]{section.3.2}{\376\377\000G\000i\036\243\000i\000\040\000p\000h\000\341\000p\000\040\000t\000\341\000c\000h\000\040\001\021\001\241\000n\000\040\000h\000\340\000n\000g\000\040\001\021\000a\000\040\000s\000h\000o\000p\000\040\000\050\000M\000u\000l\000t\000i\000-\000s\000h\000o\000p\000\040\000C\000a\000r\000t\000\051}{chapter.3}% 13
\BOOKMARK [1][-]{section.3.3}{\376\377\000Q\000u\036\243\000n\000\040\000l\000\375\000\040\000d\000\362\000n\000g\000\040\000t\000i\036\301\000n\000\040\000v\000\340\000\040\000t\000\355\000n\000h\000\040\000l\001\151\000y\000\040\001\021\036\263\000n\000g\000\040\000\050\000I\000d\000e\000m\000p\000o\000t\000e\000n\000c\000y\000\051}{chapter.3}% 14
\BOOKMARK [0][-]{chapter.4}{\376\377\000T\000H\000I\036\276\000T\000\040\000K\036\276\000\040\000H\036\306\000\040\000T\000H\036\320\000N\000G}{}% 15
\BOOKMARK [1][-]{section.4.1}{\376\377\000T\000h\000i\036\277\000t\000\040\000k\036\277\000\040\000c\001\241\000\040\000s\036\337\000\040\000d\036\357\000\040\000l\000i\036\307\000u\000\040\000\050\000E\000R\000D\000\051}{chapter.4}% 16
\BOOKMARK [2][-]{subsection.4.1.1}{\376\377\000C\036\345\000m\000\040\000n\036\301\000n\000\040\000t\036\243\000n\000g\000\040\000\050\000P\000l\000a\000t\000f\000o\000r\000m\000\051}{section.4.1}% 17
\BOOKMARK [2][-]{subsection.4.1.2}{\376\377\000C\036\345\000m\000\040\000g\000i\000a\000o\000\040\000d\036\313\000c\000h\000\040\000\050\000T\000r\000a\000n\000s\000a\000c\000t\000i\000o\000n\000s\000\051}{section.4.1}% 18
\BOOKMARK [2][-]{subsection.4.1.3}{\376\377\000C\036\345\000m\000\040\000v\000\355\000\040\001\021\000i\036\307\000n\000\040\000t\036\355\000\040\000v\000\340\000\040\000S\036\325\000\040\000c\000\341\000i\000\040\000\050\000L\000e\000d\000g\000e\000r\000\051}{section.4.1}% 19
\BOOKMARK [1][-]{section.4.2}{\376\377\001\020\036\267\000c\000\040\000t\036\243\000\040\000l\000u\036\323\000n\000g\000\040\000n\000g\000h\000i\036\307\000p\000\040\000v\036\345}{chapter.4}% 20
\BOOKMARK [0][-]{chapter.5}{\376\377\000T\000R\000I\036\302\000N\000\040\000K\000H\000A\000I\000\040\000V\000\300\000\040\001\020\000\301\000N\000H\000\040\000G\000I\000\301\000\040\000K\036\276\000T\000\040\000Q\000U\036\242}{}% 21
\BOOKMARK [1][-]{section.5.1}{\376\377\000M\000\364\000i\000\040\000t\000r\001\260\036\335\000n\000g\000\040\000t\000h\036\361\000c\000\040\000n\000g\000h\000i\036\307\000m}{chapter.5}% 22
\BOOKMARK [1][-]{section.5.2}{\376\377\000K\036\277\000t\000\040\000q\000u\036\243\000\040\001\021\036\241\000t\000\040\001\021\001\260\036\343\000c}{chapter.5}% 23
\BOOKMARK [1][-]{section.5.3}{\376\377\001\020\000\341\000n\000h\000\040\000g\000i\000\341\000\040\000v\000\340\000\040\000K\000i\036\303\000m\000\040\000t\000h\036\355}{chapter.5}% 24
\BOOKMARK [0][-]{chapter.6}{\376\377\000K\036\276\000T\000\040\000L\000U\036\254\000N\000\040\000V\000\300\000\040\000H\001\257\036\332\000N\000G\000\040\000P\000H\000\301\000T\000\040\000T\000R\000I\036\302\000N}{}% 25
\BOOKMARK [1][-]{section.6.1}{\376\377\000T\036\325\000n\000g\000\040\000k\036\277\000t\000\040\000d\036\361\000\040\000\341\000n}{chapter.6}% 26
\BOOKMARK [1][-]{section.6.2}{\376\377\000H\036\241\000n\000\040\000c\000h\036\277}{chapter.6}% 27
\BOOKMARK [1][-]{section.6.3}{\376\377\000H\001\260\036\333\000n\000g\000\040\000p\000h\000\341\000t\000\040\000t\000r\000i\036\303\000n\000\040\000t\001\260\001\241\000n\000g\000\040\000l\000a\000i}{chapter.6}% 28
\BOOKMARK [0][-]{section*.9}{\376\377\000T\000\300\000I\000\040\000L\000I\036\306\000U\000\040\000T\000H\000A\000M\000\040\000K\000H\036\242\000O}{}% 29
\BOOKMARK [0][-]{section*.10}{\376\377\000P\000H\036\344\000\040\000L\036\344\000C}{}% 30
\BOOKMARK [0][-]{appendix.A}{\376\377\000H\001\257\036\332\000N\000G\000\040\000D\036\252\000N\000\040\000C\000\300\000I\000\040\001\020\036\266\000T\000\040\000V\000\300\000\040\000S\036\354\000\040\000D\036\344\000N\000G}{}% 31
\BOOKMARK [0][-]{appendix.B}{\376\377\001\020\036\266\000C\000\040\000T\036\242\000\040\000U\000S\000E\000\040\000C\000A\000S\000E\000\040\000C\000H\000I\000\040\000T\000I\036\276\000T}{}% 32
